<?xml version="1.0" encoding="UTF-8"?>
<testng-results ignored="0" total="1" passed="1" failed="0" skipped="0">
  <reporter-output>
  </reporter-output>
  <suite started-at="2023-03-24T16:03:02 IST" name="Default suite" finished-at="2023-03-24T16:03:17 IST" duration-ms="15294">
    <groups>
    </groups>
    <test started-at="2023-03-24T16:03:02 IST" name="Default test" finished-at="2023-03-24T16:03:17 IST" duration-ms="15294">
      <class name="first.ValidationClass">
        <test-method signature="getValidate()[pri:0, instance:first.ValidationClass@431cd9b2]" started-at="2023-03-24T16:03:02 IST" name="getValidate" finished-at="2023-03-24T16:03:17 IST" duration-ms="14930" status="PASS">
          <reporter-output>
          </reporter-output>
        </test-method> <!-- getValidate -->
      </class> <!-- first.ValidationClass -->
    </test> <!-- Default test -->
  </suite> <!-- Default suite -->
</testng-results>
